1487733320400	geckodriver	INFO	Listening on 127.0.0.1:53262
1487733322384	mozprofile::profile	INFO	Using profile path C:\Users\ADMINI~1\AppData\Local\Temp\rust_mozprofile.lHB83ETpXAEo
1487733322387	geckodriver::marionette	INFO	Starting browser C:\Program Files (x86)\Mozilla Firefox\firefox.exe
1487733322408	geckodriver::marionette	INFO	Connecting to Marionette on localhost:53268
1487733323608	Marionette	INFO	Listening on port 53268
1487733325850	Marionette	WARN	Using deprecated data structure for setting timeouts
1487749892398	geckodriver	INFO	Listening on 127.0.0.1:1179
1487749894385	mozprofile::profile	INFO	Using profile path C:\Users\ADMINI~1\AppData\Local\Temp\rust_mozprofile.uwQoMcFrZj84
1487749894391	geckodriver::marionette	INFO	Starting browser C:\Program Files (x86)\Mozilla Firefox\firefox.exe
1487749894416	geckodriver::marionette	INFO	Connecting to Marionette on localhost:1187
1487749895447	Marionette	INFO	Listening on port 1187
1487749897505	Marionette	WARN	Using deprecated data structure for setting timeouts
JavaScript error: chrome://marionette/content/listener.js, line 870: TypeError: can't access dead object
1487815129222	geckodriver	INFO	Listening on 127.0.0.1:15078
1487815131218	mozprofile::profile	INFO	Using profile path C:\Users\ADMINI~1\AppData\Local\Temp\rust_mozprofile.XyA4nyFUj8WG
1487815131227	geckodriver::marionette	INFO	Starting browser C:\Program Files (x86)\Mozilla Firefox\firefox.exe
1487815131295	geckodriver::marionette	INFO	Connecting to Marionette on localhost:15086
1487815132396	Marionette	INFO	Listening on port 15086
1487815134348	Marionette	WARN	Using deprecated data structure for setting timeouts
1487815222079	addons.productaddons	WARN	Failed downloading via XHR, status: 0, reason: error
*************************
A coding exception was thrown and uncaught in a Task.

Full message: TypeError: NetworkError when attempting to fetch resource.
Full stack: 
*************************
*************************
A coding exception was thrown and uncaught in a Task.

Full message: TypeError: NetworkError when attempting to fetch resource.
Full stack: 
*************************
